{"uid":"4ca5584830eca995","name":"test_01_login[hesj-1-0]","fullName":"case.test_01_login.TestLogin#test_01_login","historyId":"c7423a776a93b997d570b1cce3fde904","time":{"start":1679540441733,"stop":1679540442066,"duration":333},"status":"broken","statusMessage":"selenium.common.exceptions.NoSuchElementException: Message: no such element: Unable to locate element: {\"method\":\"css selector\",\"selector\":\"[id=\"name\"]\"}\n  (Session info: chrome=99.0.4844.51)\nStacktrace:\nBacktrace:\n\tOrdinal0 [0x003B9943+2595139]\n\tOrdinal0 [0x0034C9F1+2148849]\n\tOrdinal0 [0x00244528+1066280]\n\tOrdinal0 [0x00270FD4+1249236]\n\tOrdinal0 [0x002711CB+1249739]\n\tOrdinal0 [0x0029D812+1431570]\n\tOrdinal0 [0x0028BA34+1358388]\n\tOrdinal0 [0x0029BAF2+1424114]\n\tOrdinal0 [0x0028B806+1357830]\n\tOrdinal0 [0x00266086+1204358]\n\tOrdinal0 [0x00266F96+1208214]\n\tGetHandleVerifier [0x0055B232+1658114]\n\tGetHandleVerifier [0x0061312C+2411516]\n\tGetHandleVerifier [0x0044F261+560433]\n\tGetHandleVerifier [0x0044E366+556598]\n\tOrdinal0 [0x0035286B+2173035]\n\tOrdinal0 [0x003575F8+2192888]\n\tOrdinal0 [0x003576E5+2193125]\n\tOrdinal0 [0x003611FC+2232828]\n\tBaseThreadInitThunk [0x76C86BD9+25]\n\tRtlGetFullPathName_UEx [0x77D58FD2+1218]\n\tRtlGetFullPathName_UEx [0x77D58F9D+1165]","statusTrace":"self = <case.test_01_login.TestLogin object at 0x0D806130>, username = 'hesj'\npassword = 1, status = 0\n\n    @allure.story(\"用户登录1-1\")\n    def test_01_login(self, username, password, status):\n>       self.login.login(username, password)\n\ncase\\test_01_login.py:29: \n_ _ _ _ _ _ _ _ _ _ _ _ _ _ _ _ _ _ _ _ _ _ _ _ _ _ _ _ _ _ _ _ _ _ _ _ _ _ _ _\npage\\login.py:33: in login\n    username_ele = self.get_element(*self.loc_username)\nbase\\base.py:54: in get_element\n    ele = self.driver.find_element(by, value)\nC:\\Users\\琪琪\\AppData\\Local\\Programs\\Python\\Python39-32\\lib\\site-packages\\selenium\\webdriver\\remote\\webdriver.py:855: in find_element\n    return self.execute(Command.FIND_ELEMENT, {\nC:\\Users\\琪琪\\AppData\\Local\\Programs\\Python\\Python39-32\\lib\\site-packages\\selenium\\webdriver\\remote\\webdriver.py:428: in execute\n    self.error_handler.check_response(response)\n_ _ _ _ _ _ _ _ _ _ _ _ _ _ _ _ _ _ _ _ _ _ _ _ _ _ _ _ _ _ _ _ _ _ _ _ _ _ _ _\n\nself = <selenium.webdriver.remote.errorhandler.ErrorHandler object at 0x0D877880>\nresponse = {'status': 404, 'value': '{\"value\":{\"error\":\"no such element\",\"message\":\"no such element: Unable to locate element: {\\...unk [0x76C86BD9+25]\\\\n\\\\tRtlGetFullPathName_UEx [0x77D58FD2+1218]\\\\n\\\\tRtlGetFullPathName_UEx [0x77D58F9D+1165]\\\\n\"}}'}\n\n    def check_response(self, response: Dict[str, Any]) -> None:\n        \"\"\"\n        Checks that a JSON response from the WebDriver does not have an error.\n    \n        :Args:\n         - response - The JSON response from the WebDriver server as a dictionary\n           object.\n    \n        :Raises: If the response contains an error message.\n        \"\"\"\n        status = response.get('status', None)\n        if not status or status == ErrorCode.SUCCESS:\n            return\n        value = None\n        message = response.get(\"message\", \"\")\n        screen: str = response.get(\"screen\", \"\")\n        stacktrace = None\n        if isinstance(status, int):\n            value_json = response.get('value', None)\n            if value_json and isinstance(value_json, str):\n                import json\n                try:\n                    value = json.loads(value_json)\n                    if len(value.keys()) == 1:\n                        value = value['value']\n                    status = value.get('error', None)\n                    if not status:\n                        status = value.get(\"status\", ErrorCode.UNKNOWN_ERROR)\n                        message = value.get(\"value\") or value.get(\"message\")\n                        if not isinstance(message, str):\n                            value = message\n                            message = message.get('message')\n                    else:\n                        message = value.get('message', None)\n                except ValueError:\n                    pass\n    \n        exception_class: Type[WebDriverException]\n        if status in ErrorCode.NO_SUCH_ELEMENT:\n            exception_class = NoSuchElementException\n        elif status in ErrorCode.NO_SUCH_FRAME:\n            exception_class = NoSuchFrameException\n        elif status in ErrorCode.NO_SUCH_SHADOW_ROOT:\n            exception_class = NoSuchShadowRootException\n        elif status in ErrorCode.NO_SUCH_WINDOW:\n            exception_class = NoSuchWindowException\n        elif status in ErrorCode.STALE_ELEMENT_REFERENCE:\n            exception_class = StaleElementReferenceException\n        elif status in ErrorCode.ELEMENT_NOT_VISIBLE:\n            exception_class = ElementNotVisibleException\n        elif status in ErrorCode.INVALID_ELEMENT_STATE:\n            exception_class = InvalidElementStateException\n        elif status in ErrorCode.INVALID_SELECTOR \\\n                or status in ErrorCode.INVALID_XPATH_SELECTOR \\\n                or status in ErrorCode.INVALID_XPATH_SELECTOR_RETURN_TYPER:\n            exception_class = InvalidSelectorException\n        elif status in ErrorCode.ELEMENT_IS_NOT_SELECTABLE:\n            exception_class = ElementNotSelectableException\n        elif status in ErrorCode.ELEMENT_NOT_INTERACTABLE:\n            exception_class = ElementNotInteractableException\n        elif status in ErrorCode.INVALID_COOKIE_DOMAIN:\n            exception_class = InvalidCookieDomainException\n        elif status in ErrorCode.UNABLE_TO_SET_COOKIE:\n            exception_class = UnableToSetCookieException\n        elif status in ErrorCode.TIMEOUT:\n            exception_class = TimeoutException\n        elif status in ErrorCode.SCRIPT_TIMEOUT:\n            exception_class = TimeoutException\n        elif status in ErrorCode.UNKNOWN_ERROR:\n            exception_class = WebDriverException\n        elif status in ErrorCode.UNEXPECTED_ALERT_OPEN:\n            exception_class = UnexpectedAlertPresentException\n        elif status in ErrorCode.NO_ALERT_OPEN:\n            exception_class = NoAlertPresentException\n        elif status in ErrorCode.IME_NOT_AVAILABLE:\n            exception_class = ImeNotAvailableException\n        elif status in ErrorCode.IME_ENGINE_ACTIVATION_FAILED:\n            exception_class = ImeActivationFailedException\n        elif status in ErrorCode.MOVE_TARGET_OUT_OF_BOUNDS:\n            exception_class = MoveTargetOutOfBoundsException\n        elif status in ErrorCode.JAVASCRIPT_ERROR:\n            exception_class = JavascriptException\n        elif status in ErrorCode.SESSION_NOT_CREATED:\n            exception_class = SessionNotCreatedException\n        elif status in ErrorCode.INVALID_ARGUMENT:\n            exception_class = InvalidArgumentException\n        elif status in ErrorCode.NO_SUCH_COOKIE:\n            exception_class = NoSuchCookieException\n        elif status in ErrorCode.UNABLE_TO_CAPTURE_SCREEN:\n            exception_class = ScreenshotException\n        elif status in ErrorCode.ELEMENT_CLICK_INTERCEPTED:\n            exception_class = ElementClickInterceptedException\n        elif status in ErrorCode.INSECURE_CERTIFICATE:\n            exception_class = InsecureCertificateException\n        elif status in ErrorCode.INVALID_COORDINATES:\n            exception_class = InvalidCoordinatesException\n        elif status in ErrorCode.INVALID_SESSION_ID:\n            exception_class = InvalidSessionIdException\n        elif status in ErrorCode.UNKNOWN_METHOD:\n            exception_class = UnknownMethodException\n        else:\n            exception_class = WebDriverException\n        if not value:\n            value = response['value']\n        if isinstance(value, str):\n            raise exception_class(value)\n        if message == \"\" and 'message' in value:\n            message = value['message']\n    \n        screen = None  # type: ignore[assignment]\n        if 'screen' in value:\n            screen = value['screen']\n    \n        stacktrace = None\n        st_value = value.get('stackTrace') or value.get('stacktrace')\n        if st_value:\n            if isinstance(st_value, str):\n                stacktrace = st_value.split('\\n')\n            else:\n                stacktrace = []\n                try:\n                    for frame in st_value:\n                        line = frame.get(\"lineNumber\", \"\")\n                        file = frame.get(\"fileName\", \"<anonymous>\")\n                        if line:\n                            file = f\"{file}:{line}\"\n                        meth = frame.get('methodName', '<anonymous>')\n                        if 'className' in frame:\n                            meth = \"{}.{}\".format(frame['className'], meth)\n                        msg = \"    at %s (%s)\"\n                        msg = msg % (meth, file)\n                        stacktrace.append(msg)\n                except TypeError:\n                    pass\n        if exception_class == UnexpectedAlertPresentException:\n            alert_text = None\n            if 'data' in value:\n                alert_text = value['data'].get('text')\n            elif 'alert' in value:\n                alert_text = value['alert'].get('text')\n            raise exception_class(message, screen, stacktrace, alert_text)  # type: ignore[call-arg]  # mypy is not smart enough here\n>       raise exception_class(message, screen, stacktrace)\nE       selenium.common.exceptions.NoSuchElementException: Message: no such element: Unable to locate element: {\"method\":\"css selector\",\"selector\":\"[id=\"name\"]\"}\nE         (Session info: chrome=99.0.4844.51)\nE       Stacktrace:\nE       Backtrace:\nE       \tOrdinal0 [0x003B9943+2595139]\nE       \tOrdinal0 [0x0034C9F1+2148849]\nE       \tOrdinal0 [0x00244528+1066280]\nE       \tOrdinal0 [0x00270FD4+1249236]\nE       \tOrdinal0 [0x002711CB+1249739]\nE       \tOrdinal0 [0x0029D812+1431570]\nE       \tOrdinal0 [0x0028BA34+1358388]\nE       \tOrdinal0 [0x0029BAF2+1424114]\nE       \tOrdinal0 [0x0028B806+1357830]\nE       \tOrdinal0 [0x00266086+1204358]\nE       \tOrdinal0 [0x00266F96+1208214]\nE       \tGetHandleVerifier [0x0055B232+1658114]\nE       \tGetHandleVerifier [0x0061312C+2411516]\nE       \tGetHandleVerifier [0x0044F261+560433]\nE       \tGetHandleVerifier [0x0044E366+556598]\nE       \tOrdinal0 [0x0035286B+2173035]\nE       \tOrdinal0 [0x003575F8+2192888]\nE       \tOrdinal0 [0x003576E5+2193125]\nE       \tOrdinal0 [0x003611FC+2232828]\nE       \tBaseThreadInitThunk [0x76C86BD9+25]\nE       \tRtlGetFullPathName_UEx [0x77D58FD2+1218]\nE       \tRtlGetFullPathName_UEx [0x77D58F9D+1165]\n\nC:\\Users\\琪琪\\AppData\\Local\\Programs\\Python\\Python39-32\\lib\\site-packages\\selenium\\webdriver\\remote\\errorhandler.py:243: NoSuchElementException","flaky":false,"newFailed":false,"newBroken":false,"newPassed":false,"retriesCount":0,"retriesStatusChange":false,"beforeStages":[{"name":"_session_faker","time":{"start":1679540432534,"stop":1679540432601,"duration":67},"status":"passed","steps":[],"attachments":[],"parameters":[],"shouldDisplayMessage":false,"attachmentsCount":0,"hasContent":false,"stepsCount":0},{"name":"_xunit_setup_method_fixture_TestLogin","time":{"start":1679540440472,"stop":1679540441731,"duration":1259},"status":"passed","steps":[],"attachments":[],"parameters":[],"shouldDisplayMessage":false,"attachmentsCount":0,"hasContent":false,"stepsCount":0}],"afterStages":[{"name":"_xunit_setup_method_fixture_TestLogin::0","time":{"start":1679540442101,"stop":1679540444252,"duration":2151},"status":"passed","steps":[],"attachments":[],"parameters":[],"shouldDisplayMessage":false,"attachmentsCount":0,"hasContent":false,"stepsCount":0}],"labels":[{"name":"feature","value":"用户登录"},{"name":"story","value":"用户登录1-1"},{"name":"parentSuite","value":"case"},{"name":"suite","value":"test_01_login"},{"name":"subSuite","value":"TestLogin"},{"name":"host","value":"憨憨"},{"name":"thread","value":"30900-MainThread"},{"name":"framework","value":"pytest"},{"name":"language","value":"cpython3"},{"name":"package","value":"case.test_01_login"},{"name":"resultFormat","value":"allure2"}],"parameters":[{"name":"password","value":"1"},{"name":"status","value":"0"},{"name":"username","value":"'hesj'"}],"links":[],"hidden":false,"retry":false,"extra":{"severity":"normal","retries":[],"categories":[{"name":"Test defects","matchedStatuses":[],"flaky":false}],"tags":[]},"source":"4ca5584830eca995.json","parameterValues":["1","0","'hesj'"]}