{"uid":"7e06c5ec9deefb89","name":"test_dept_add[dept2]","fullName":"case.test_03_dept.TestDept#test_dept_add","historyId":"f76b563544b58ecfa49aed0d995213e0","time":{"start":1679540479436,"stop":1679540479436,"duration":0},"status":"broken","statusMessage":"selenium.common.exceptions.TimeoutException: Message: \nStacktrace:\nBacktrace:\n\tOrdinal0 [0x003B9943+2595139]\n\tOrdinal0 [0x0034C9F1+2148849]\n\tOrdinal0 [0x00244528+1066280]\n\tOrdinal0 [0x00270FD4+1249236]\n\tOrdinal0 [0x002711CB+1249739]\n\tOrdinal0 [0x0029D812+1431570]\n\tOrdinal0 [0x0028BA34+1358388]\n\tOrdinal0 [0x0029BAF2+1424114]\n\tOrdinal0 [0x0028B806+1357830]\n\tOrdinal0 [0x00266086+1204358]\n\tOrdinal0 [0x00266F96+1208214]\n\tGetHandleVerifier [0x0055B232+1658114]\n\tGetHandleVerifier [0x0061312C+2411516]\n\tGetHandleVerifier [0x0044F261+560433]\n\tGetHandleVerifier [0x0044E366+556598]\n\tOrdinal0 [0x0035286B+2173035]\n\tOrdinal0 [0x003575F8+2192888]\n\tOrdinal0 [0x003576E5+2193125]\n\tOrdinal0 [0x003611FC+2232828]\n\tBaseThreadInitThunk [0x76C86BD9+25]\n\tRtlGetFullPathName_UEx [0x77D58FD2+1218]\n\tRtlGetFullPathName_UEx [0x77D58F9D+1165]","statusTrace":"self = <case.test_03_dept.TestDept object at 0x0D877E68>\n\n    def setup(self):\n        self.dept = Department()\n>       self.dept.switch_to_main_frame()\n\ncase\\test_03_dept.py:29: \n_ _ _ _ _ _ _ _ _ _ _ _ _ _ _ _ _ _ _ _ _ _ _ _ _ _ _ _ _ _ _ _ _ _ _ _ _ _ _ _\npage\\department.py:51: in switch_to_main_frame\n    ele_mode_sys = self.wait_ele_visible(self.loc_mode_sys, doc=\"定位系统模块\")\nbase\\base.py:139: in wait_ele_visible\n    ele = WebDriverWait(self.driver, timeout).until(EC.visibility_of_element_located(locator))\n_ _ _ _ _ _ _ _ _ _ _ _ _ _ _ _ _ _ _ _ _ _ _ _ _ _ _ _ _ _ _ _ _ _ _ _ _ _ _ _\n\nself = <selenium.webdriver.support.wait.WebDriverWait (session=\"c631efdbe41dfe5a0afc6c1fe5a5c6ca\")>\nmethod = <function visibility_of_element_located.<locals>._predicate at 0x0DC235C8>\nmessage = ''\n\n    def until(self, method, message: str = \"\"):\n        \"\"\"Calls the method provided with the driver as an argument until the \\\n        return value does not evaluate to ``False``.\n    \n        :param method: callable(WebDriver)\n        :param message: optional message for :exc:`TimeoutException`\n        :returns: the result of the last call to `method`\n        :raises: :exc:`selenium.common.exceptions.TimeoutException` if timeout occurs\n        \"\"\"\n        screen = None\n        stacktrace = None\n    \n        end_time = time.monotonic() + self._timeout\n        while True:\n            try:\n                value = method(self._driver)\n                if value:\n                    return value\n            except self._ignored_exceptions as exc:\n                screen = getattr(exc, 'screen', None)\n                stacktrace = getattr(exc, 'stacktrace', None)\n            time.sleep(self._poll)\n            if time.monotonic() > end_time:\n                break\n>       raise TimeoutException(message, screen, stacktrace)\nE       selenium.common.exceptions.TimeoutException: Message: \nE       Stacktrace:\nE       Backtrace:\nE       \tOrdinal0 [0x003B9943+2595139]\nE       \tOrdinal0 [0x0034C9F1+2148849]\nE       \tOrdinal0 [0x00244528+1066280]\nE       \tOrdinal0 [0x00270FD4+1249236]\nE       \tOrdinal0 [0x002711CB+1249739]\nE       \tOrdinal0 [0x0029D812+1431570]\nE       \tOrdinal0 [0x0028BA34+1358388]\nE       \tOrdinal0 [0x0029BAF2+1424114]\nE       \tOrdinal0 [0x0028B806+1357830]\nE       \tOrdinal0 [0x00266086+1204358]\nE       \tOrdinal0 [0x00266F96+1208214]\nE       \tGetHandleVerifier [0x0055B232+1658114]\nE       \tGetHandleVerifier [0x0061312C+2411516]\nE       \tGetHandleVerifier [0x0044F261+560433]\nE       \tGetHandleVerifier [0x0044E366+556598]\nE       \tOrdinal0 [0x0035286B+2173035]\nE       \tOrdinal0 [0x003575F8+2192888]\nE       \tOrdinal0 [0x003576E5+2193125]\nE       \tOrdinal0 [0x003611FC+2232828]\nE       \tBaseThreadInitThunk [0x76C86BD9+25]\nE       \tRtlGetFullPathName_UEx [0x77D58FD2+1218]\nE       \tRtlGetFullPathName_UEx [0x77D58F9D+1165]\n\nC:\\Users\\琪琪\\AppData\\Local\\Programs\\Python\\Python39-32\\lib\\site-packages\\selenium\\webdriver\\support\\wait.py:90: TimeoutException","flaky":false,"newFailed":false,"newBroken":false,"newPassed":false,"retriesCount":0,"retriesStatusChange":false,"beforeStages":[{"name":"_session_faker","time":{"start":1679540432534,"stop":1679540432601,"duration":67},"status":"passed","steps":[],"attachments":[],"parameters":[],"shouldDisplayMessage":false,"attachmentsCount":0,"hasContent":false,"stepsCount":0},{"name":"_xunit_setup_method_fixture_TestDept","time":{"start":1679540479436,"stop":1679540491166,"duration":11730},"status":"broken","statusMessage":"selenium.common.exceptions.TimeoutException: Message: \nStacktrace:\nBacktrace:\n\tOrdinal0 [0x003B9943+2595139]\n\tOrdinal0 [0x0034C9F1+2148849]\n\tOrdinal0 [0x00244528+1066280]\n\tOrdinal0 [0x00270FD4+1249236]\n\tOrdinal0 [0x002711CB+1249739]\n\tOrdinal0 [0x0029D812+1431570]\n\tOrdinal0 [0x0028BA34+1358388]\n\tOrdinal0 [0x0029BAF2+1424114]\n\tOrdinal0 [0x0028B806+1357830]\n\tOrdinal0 [0x00266086+1204358]\n\tOrdinal0 [0x00266F96+1208214]\n\tGetHandleVerifier [0x0055B232+1658114]\n\tGetHandleVerifier [0x0061312C+2411516]\n\tGetHandleVerifier [0x0044F261+560433]\n\tGetHandleVerifier [0x0044E366+556598]\n\tOrdinal0 [0x0035286B+2173035]\n\tOrdinal0 [0x003575F8+2192888]\n\tOrdinal0 [0x003576E5+2193125]\n\tOrdinal0 [0x003611FC+2232828]\n\tBaseThreadInitThunk [0x76C86BD9+25]\n\tRtlGetFullPathName_UEx [0x77D58FD2+1218]\n\tRtlGetFullPathName_UEx [0x77D58F9D+1165]\n\n","statusTrace":"  File \"C:\\Users\\琪琪\\AppData\\Local\\Programs\\Python\\Python39-32\\lib\\site-packages\\pluggy\\_callers.py\", line 39, in _multicall\n    res = hook_impl.function(*args)\n  File \"C:\\Users\\琪琪\\AppData\\Local\\Programs\\Python\\Python39-32\\lib\\site-packages\\_pytest\\fixtures.py\", line 1121, in pytest_fixture_setup\n    result = call_fixture_func(fixturefunc, request, kwargs)\n  File \"C:\\Users\\琪琪\\AppData\\Local\\Programs\\Python\\Python39-32\\lib\\site-packages\\_pytest\\fixtures.py\", line 893, in call_fixture_func\n    fixture_result = next(generator)\n  File \"C:\\Users\\琪琪\\AppData\\Local\\Programs\\Python\\Python39-32\\lib\\site-packages\\_pytest\\python.py\", line 893, in xunit_setup_method_fixture\n    _call_with_optional_argument(func, method)\n  File \"C:\\Users\\琪琪\\AppData\\Local\\Programs\\Python\\Python39-32\\lib\\site-packages\\_pytest\\python.py\", line 778, in _call_with_optional_argument\n    func()\n  File \"D:\\MyGit\\Api_test\\test\\UI_test\\case\\test_03_dept.py\", line 29, in setup\n    self.dept.switch_to_main_frame()\n  File \"D:\\MyGit\\Api_test\\test\\UI_test\\page\\department.py\", line 51, in switch_to_main_frame\n    ele_mode_sys = self.wait_ele_visible(self.loc_mode_sys, doc=\"定位系统模块\")\n  File \"D:\\MyGit\\Api_test\\test\\UI_test\\base\\base.py\", line 139, in wait_ele_visible\n    ele = WebDriverWait(self.driver, timeout).until(EC.visibility_of_element_located(locator))\n  File \"C:\\Users\\琪琪\\AppData\\Local\\Programs\\Python\\Python39-32\\lib\\site-packages\\selenium\\webdriver\\support\\wait.py\", line 90, in until\n    raise TimeoutException(message, screen, stacktrace)\n","steps":[],"attachments":[],"parameters":[],"shouldDisplayMessage":true,"attachmentsCount":0,"hasContent":true,"stepsCount":0}],"afterStages":[],"labels":[{"name":"parentSuite","value":"case"},{"name":"suite","value":"test_03_dept"},{"name":"subSuite","value":"TestDept"},{"name":"host","value":"憨憨"},{"name":"thread","value":"30900-MainThread"},{"name":"framework","value":"pytest"},{"name":"language","value":"cpython3"},{"name":"package","value":"case.test_03_dept"},{"name":"resultFormat","value":"allure2"}],"parameters":[{"name":"dept","value":"('name_dept_003', 'sn_dept_003')"}],"links":[],"hidden":false,"retry":false,"extra":{"severity":"normal","retries":[],"categories":[{"name":"Test defects","matchedStatuses":[],"flaky":false}],"tags":[]},"source":"7e06c5ec9deefb89.json","parameterValues":["('name_dept_003', 'sn_dept_003')"]}