{"name": "test_dept_list", "status": "broken", "statusDetails": {"message": "selenium.common.exceptions.TimeoutException: Message: \nStacktrace:\nBacktrace:\n\tOrdinal0 [0x003B9943+2595139]\n\tOrdinal0 [0x0034C9F1+2148849]\n\tOrdinal0 [0x00244528+1066280]\n\tOrdinal0 [0x00270FD4+1249236]\n\tOrdinal0 [0x002711CB+1249739]\n\tOrdinal0 [0x0029D812+1431570]\n\tOrdinal0 [0x0028BA34+1358388]\n\tOrdinal0 [0x0029BAF2+1424114]\n\tOrdinal0 [0x0028B806+1357830]\n\tOrdinal0 [0x00266086+1204358]\n\tOrdinal0 [0x00266F96+1208214]\n\tGetHandleVerifier [0x0055B232+1658114]\n\tGetHandleVerifier [0x0061312C+2411516]\n\tGetHandleVerifier [0x0044F261+560433]\n\tGetHandleVerifier [0x0044E366+556598]\n\tOrdinal0 [0x0035286B+2173035]\n\tOrdinal0 [0x003575F8+2192888]\n\tOrdinal0 [0x003576E5+2193125]\n\tOrdinal0 [0x003611FC+2232828]\n\tBaseThreadInitThunk [0x76C86BD9+25]\n\tRtlGetFullPathName_UEx [0x77D58FD2+1218]\n\tRtlGetFullPathName_UEx [0x77D58F9D+1165]", "trace": "self = <case.test_03_dept.TestDept object at 0x0D8432B0>\n\n    def setup(self):\n        self.dept = Department()\n>       self.dept.switch_to_main_frame()\n\ncase\\test_03_dept.py:29: \n_ _ _ _ _ _ _ _ _ _ _ _ _ _ _ _ _ _ _ _ _ _ _ _ _ _ _ _ _ _ _ _ _ _ _ _ _ _ _ _\npage\\department.py:51: in switch_to_main_frame\n    ele_mode_sys = self.wait_ele_visible(self.loc_mode_sys, doc=\"定位系统模块\")\nbase\\base.py:139: in wait_ele_visible\n    ele = WebDriverWait(self.driver, timeout).until(EC.visibility_of_element_located(locator))\n_ _ _ _ _ _ _ _ _ _ _ _ _ _ _ _ _ _ _ _ _ _ _ _ _ _ _ _ _ _ _ _ _ _ _ _ _ _ _ _\n\nself = <selenium.webdriver.support.wait.WebDriverWait (session=\"7cf713d7731af79c6e79eb9ea19ba4a5\")>\nmethod = <function visibility_of_element_located.<locals>._predicate at 0x0CDEB928>\nmessage = ''\n\n    def until(self, method, message: str = \"\"):\n        \"\"\"Calls the method provided with the driver as an argument until the \\\n        return value does not evaluate to ``False``.\n    \n        :param method: callable(WebDriver)\n        :param message: optional message for :exc:`TimeoutException`\n        :returns: the result of the last call to `method`\n        :raises: :exc:`selenium.common.exceptions.TimeoutException` if timeout occurs\n        \"\"\"\n        screen = None\n        stacktrace = None\n    \n        end_time = time.monotonic() + self._timeout\n        while True:\n            try:\n                value = method(self._driver)\n                if value:\n                    return value\n            except self._ignored_exceptions as exc:\n                screen = getattr(exc, 'screen', None)\n                stacktrace = getattr(exc, 'stacktrace', None)\n            time.sleep(self._poll)\n            if time.monotonic() > end_time:\n                break\n>       raise TimeoutException(message, screen, stacktrace)\nE       selenium.common.exceptions.TimeoutException: Message: \nE       Stacktrace:\nE       Backtrace:\nE       \tOrdinal0 [0x003B9943+2595139]\nE       \tOrdinal0 [0x0034C9F1+2148849]\nE       \tOrdinal0 [0x00244528+1066280]\nE       \tOrdinal0 [0x00270FD4+1249236]\nE       \tOrdinal0 [0x002711CB+1249739]\nE       \tOrdinal0 [0x0029D812+1431570]\nE       \tOrdinal0 [0x0028BA34+1358388]\nE       \tOrdinal0 [0x0029BAF2+1424114]\nE       \tOrdinal0 [0x0028B806+1357830]\nE       \tOrdinal0 [0x00266086+1204358]\nE       \tOrdinal0 [0x00266F96+1208214]\nE       \tGetHandleVerifier [0x0055B232+1658114]\nE       \tGetHandleVerifier [0x0061312C+2411516]\nE       \tGetHandleVerifier [0x0044F261+560433]\nE       \tGetHandleVerifier [0x0044E366+556598]\nE       \tOrdinal0 [0x0035286B+2173035]\nE       \tOrdinal0 [0x003575F8+2192888]\nE       \tOrdinal0 [0x003576E5+2193125]\nE       \tOrdinal0 [0x003611FC+2232828]\nE       \tBaseThreadInitThunk [0x76C86BD9+25]\nE       \tRtlGetFullPathName_UEx [0x77D58FD2+1218]\nE       \tRtlGetFullPathName_UEx [0x77D58F9D+1165]\n\nC:\\Users\\琪琪\\AppData\\Local\\Programs\\Python\\Python39-32\\lib\\site-packages\\selenium\\webdriver\\support\\wait.py:90: TimeoutException"}, "start": 1679540444297, "stop": 1679540444297, "uuid": "4baf52ae-e819-48d0-aeb1-7b9079f20d17", "historyId": "229591511489e06157f4145cff33d423", "testCaseId": "56d9718d026e6e55be12023377a400bc", "fullName": "case.test_03_dept.TestDept#test_dept_list", "labels": [{"name": "parentSuite", "value": "case"}, {"name": "suite", "value": "test_03_dept"}, {"name": "subSuite", "value": "TestDept"}, {"name": "host", "value": "憨憨"}, {"name": "thread", "value": "30900-MainThread"}, {"name": "framework", "value": "pytest"}, {"name": "language", "value": "cpython3"}, {"name": "package", "value": "case.test_03_dept"}]}